[debug] > Exec(;reload; set _root_.org.jetbrains.sbt.StructureKeys.sbtStructureOptions in Global := "download resolveClassifiers" ;preferScala2;*/*:dumpStructureTo C:/Users/sachi/AppData/Local/Temp/sbt-structure.xml; session clear-all ; set ideaPort in Global := 55881, None, None)
[debug] > Exec(reload, None, None)
[debug] > Exec(sbtStashOnFailure, None, None)
[debug] > Exec(onFailure loadFailed, None, None)
[debug] > Exec(loadp, None, None)
[info] welcome to sbt 1.6.2 (Oracle Corporation Java 18.0.1.1)
[debug]       Load.loadUnit: plugins took 62.5727ms
[debug]       Load.loadUnit: defsScala took 0.0623ms
[debug] [Loading] Scanning directory C:\Users\sachi\.sbt\1.0\plugins
[debug] [Loading] Found non-root projects 
[debug] [Loading] Done in C:\Users\sachi\.sbt\1.0\plugins, returning: ()
[debug] deducing auto plugins based on known facts Set(Atom(sbt.plugins.CorePlugin)) and clauses Clauses(Clause(Atom(sbt.plugins.JvmPlugin),Set(Atom(sbt.plugins.IvyPlugin)))
[debug] Clause(Atom(sbt.ScriptedPlugin),Set(Atom(sbt.plugins.JvmPlugin)))
[debug] Clause(Atom(sbt.plugins.SbtPlugin),Set(Atom(sbt.ScriptedPlugin)))
[debug] Clause(Atom(sbt.plugins.SemanticdbPlugin),Set(Atom(sbt.plugins.JvmPlugin)))
[debug] Clause(Atom(sbt.plugins.JUnitXmlReportPlugin),Set(Atom(sbt.plugins.JvmPlugin)))
[debug] Clause(Atom(sbt.plugins.MiniDependencyTreePlugin),Set(Atom(sbt.plugins.JvmPlugin)))
[debug] Clause(Atom(sbt.plugins.CorePlugin),Set(Atom(sbt.plugins.IvyPlugin)))
[debug] Clause(Atom(sbt.plugins.IvyPlugin),Set(Atom(sbt.plugins.JvmPlugin)))
[debug] Clause(Atom(sbt.plugins.JvmPlugin),Set(Atom(sbt.plugins.SemanticdbPlugin)))
[debug] Clause(Atom(sbt.plugins.JvmPlugin),Set(Atom(sbt.plugins.JUnitXmlReportPlugin)))
[debug] Clause(Atom(sbt.plugins.CorePlugin),Set(Atom(sbt.plugins.Giter8TemplatePlugin)))
[debug] Clause(Atom(sbt.plugins.JvmPlugin),Set(Atom(sbt.plugins.MiniDependencyTreePlugin))))
[debug]   :: deduced result: Matched(sbt.plugins.CorePlugin,sbt.plugins.Giter8TemplatePlugin,sbt.plugins.IvyPlugin,sbt.plugins.JvmPlugin,sbt.plugins.MiniDependencyTreePlugin,sbt.plugins.JUnitXmlReportPlugin,sbt.plugins.SemanticdbPlugin)
[debug] Plugins.deducer#function took 5.0397 ms
[debug]           Load.resolveProject(global-plugins) took 8.7873ms
[debug]         Load.loadTransitive: finalizeProject(Project(id global-plugins, base: C:\Users\sachi\.sbt\1.0\plugins, plugins: List(<none>))) took 16.9523ms
[debug] [Loading] Done in C:\Users\sachi\.sbt\1.0\plugins, returning: (global-plugins)
[debug]       Load.loadUnit: loadedProjectsRaw took 23.507ms
[debug]       Load.loadUnit: cleanEvalClasses took 0.0318ms
[debug]     Load.loadUnit(file:/C:/Users/sachi/.sbt/1.0/plugins/, ...) took 90.3096ms
[debug]   Load.apply: load took 95.8843ms
[debug]   Load.apply: resolveProjects took 1.6718ms
[debug]   Load.apply: finalTransforms took 16.5012ms
[debug]   Load.apply: config.delegates took 1.1652ms
[debug]   Load.apply: Def.make(settings)... took 95.6963ms
[debug]   Load.apply: structureIndex took 16.8143ms
[debug]   Load.apply: mkStreams took 0.1033ms
[info] loading global plugins from C:\Users\sachi\.sbt\1.0\plugins
[debug] Running task... Cancel: Signal, check cycles: false, forcegc: true
[debug] Forcing garbage collection...
[debug] Load.defaultLoad until apply took 1307.1729ms
[debug]           Load.loadUnit: plugins took 30.6565ms
[debug]           Load.loadUnit: defsScala took 0.0032ms
[debug] [Loading] Scanning directory C:\Users\sachi\IdeaProjects\ScalaApi\project
[debug]             Load.loadUnit: mkEval took 0.2587ms
[debug] [Loading] Found non-root projects 
[debug] [Loading] Done in C:\Users\sachi\IdeaProjects\ScalaApi\project, returning: ()
[debug] deducing auto plugins based on known facts Set(Atom(sbt.plugins.CorePlugin)) and clauses Clauses(Clause(Atom(sbt.plugins.JvmPlugin),Set(Atom(sbt.plugins.IvyPlugin)))
[debug] Clause(Atom(sbt.ScriptedPlugin),Set(Atom(sbt.plugins.JvmPlugin)))
[debug] Clause(Atom(sbt.plugins.SbtPlugin),Set(Atom(sbt.ScriptedPlugin)))
[debug] Clause(Atom(sbt.plugins.SemanticdbPlugin),Set(Atom(sbt.plugins.JvmPlugin)))
[debug] Clause(Atom(sbt.plugins.JUnitXmlReportPlugin),Set(Atom(sbt.plugins.JvmPlugin)))
[debug] Clause(Atom(sbt.plugins.MiniDependencyTreePlugin),Set(Atom(sbt.plugins.JvmPlugin)))
[debug] Clause(Atom(sbt.plugins.CorePlugin),Set(Atom(sbt.plugins.IvyPlugin)))
[debug] Clause(Atom(sbt.plugins.IvyPlugin),Set(Atom(sbt.plugins.JvmPlugin)))
[debug] Clause(Atom(sbt.plugins.JvmPlugin),Set(Atom(sbt.plugins.SemanticdbPlugin)))
[debug] Clause(Atom(sbt.plugins.JvmPlugin),Set(Atom(sbt.plugins.JUnitXmlReportPlugin)))
[debug] Clause(Atom(sbt.plugins.CorePlugin),Set(Atom(sbt.plugins.Giter8TemplatePlugin)))
[debug] Clause(Atom(sbt.plugins.JvmPlugin),Set(Atom(sbt.plugins.MiniDependencyTreePlugin))))
[debug]   :: deduced result: Matched(sbt.plugins.CorePlugin,sbt.plugins.Giter8TemplatePlugin,sbt.plugins.IvyPlugin,sbt.plugins.JvmPlugin,sbt.plugins.MiniDependencyTreePlugin,sbt.plugins.JUnitXmlReportPlugin,sbt.plugins.SemanticdbPlugin)
[debug] Plugins.deducer#function took 1.2382 ms
[info] loading settings for project scalaapi-build from idea1.sbt ...
[debug]               Load.resolveProject(scalaapi-build) took 1.954ms
[debug]             Load.loadTransitive: finalizeProject(Project(id scalaapi-build, base: C:\Users\sachi\IdeaProjects\ScalaApi\project, plugins: List(<none>))) took 3.598ms
[debug] [Loading] Done in C:\Users\sachi\IdeaProjects\ScalaApi\project, returning: (scalaapi-build)
[debug]           Load.loadUnit: loadedProjectsRaw took 36.6262ms
[debug]           Load.loadUnit: cleanEvalClasses took 5.0173ms
[debug]         Load.loadUnit(file:/C:/Users/sachi/IdeaProjects/ScalaApi/project/, ...) took 72.9521ms
[debug]       Load.apply: load took 74.416ms
[debug]       Load.apply: resolveProjects took 0.1531ms
[debug]       Load.apply: finalTransforms took 7.8208ms
[debug]       Load.apply: config.delegates took 0.3067ms
[debug]       Load.apply: Def.make(settings)... took 42.8165ms
[debug]       Load.apply: structureIndex took 32.34ms
[debug]       Load.apply: mkStreams took 0.0048ms
[info] loading project definition from C:\Users\sachi\IdeaProjects\ScalaApi\project
[debug] Running task... Cancel: Signal, check cycles: false, forcegc: true
[debug]     Load.loadUnit: plugins took 351.5251ms
[debug]     Load.loadUnit: defsScala took 0.0043ms
[debug] [Loading] Scanning directory C:\Users\sachi\IdeaProjects\ScalaApi
[debug]       Load.loadUnit: mkEval took 0.5335ms
[debug] [Loading] Found non-root projects 
[debug] [Loading] Done in C:\Users\sachi\IdeaProjects\ScalaApi, returning: ()
[debug] deducing auto plugins based on known facts Set(Atom(sbt.plugins.CorePlugin)) and clauses Clauses(Clause(Atom(sbt.plugins.JvmPlugin),Set(Atom(sbt.plugins.IvyPlugin)))
[debug] Clause(Atom(sbt.ScriptedPlugin),Set(Atom(sbt.plugins.JvmPlugin)))
[debug] Clause(Atom(sbt.plugins.SbtPlugin),Set(Atom(sbt.ScriptedPlugin)))
[debug] Clause(Atom(sbt.plugins.SemanticdbPlugin),Set(Atom(sbt.plugins.JvmPlugin)))
[debug] Clause(Atom(sbt.plugins.JUnitXmlReportPlugin),Set(Atom(sbt.plugins.JvmPlugin)))
[debug] Clause(Atom(sbt.plugins.MiniDependencyTreePlugin),Set(Atom(sbt.plugins.JvmPlugin)))
[debug] Clause(Atom(org.jetbrains.sbt.StructurePlugin),Set(Atom(sbt.plugins.JvmPlugin)))
[debug] Clause(Atom(org.jetbrains.sbt.IdeaShellPlugin),Set(Atom(sbt.plugins.JvmPlugin)))
[debug] Clause(Atom(org.jetbrains.sbt.indices.SbtIntellijIndicesPlugin),Set(Atom(sbt.plugins.JvmPlugin)))
[debug] Clause(Atom(sbt.plugins.CorePlugin),Set(Atom(sbt.plugins.IvyPlugin)))
[debug] Clause(Atom(sbt.plugins.IvyPlugin),Set(Atom(sbt.plugins.JvmPlugin)))
[debug] Clause(Atom(sbt.plugins.JvmPlugin),Set(Atom(sbt.plugins.SemanticdbPlugin)))
[debug] Clause(Atom(sbt.plugins.JvmPlugin),Set(Atom(sbt.plugins.JUnitXmlReportPlugin)))
[debug] Clause(Atom(sbt.plugins.CorePlugin),Set(Atom(sbt.plugins.Giter8TemplatePlugin)))
[debug] Clause(Atom(sbt.plugins.JvmPlugin),Set(Atom(sbt.plugins.MiniDependencyTreePlugin)))
[debug] Clause(Atom(sbt.plugins.JvmPlugin),Set(Atom(org.jetbrains.sbt.StructurePlugin)))
[debug] Clause(Atom(sbt.plugins.JvmPlugin),Set(Atom(org.jetbrains.sbt.IdeaShellPlugin)))
[debug] Clause(And(Set(Atom(sbt.plugins.CorePlugin), Atom(sbt.plugins.JvmPlugin))),Set(Atom(org.jetbrains.sbt.indices.SbtIntellijIndicesPlugin))))
[debug]   :: deduced result: Matched(sbt.plugins.CorePlugin,sbt.plugins.Giter8TemplatePlugin,sbt.plugins.IvyPlugin,sbt.plugins.JvmPlugin,sbt.plugins.SemanticdbPlugin,org.jetbrains.sbt.indices.SbtIntellijIndicesPlugin,sbt.plugins.JUnitXmlReportPlugin,org.jetbrains.sbt.IdeaShellPlugin,org.jetbrains.sbt.StructurePlugin,sbt.plugins.MiniDependencyTreePlugin)
[debug] Plugins.deducer#function took 1.2094 ms
[info] loading settings for project scalaapi from build.sbt ...
[debug]         Load.resolveProject(scalaapi) took 31.6108ms
[debug]       Load.loadTransitive: finalizeProject(Project(id scalaapi, base: C:\Users\sachi\IdeaProjects\ScalaApi, plugins: List(<none>))) took 33.1831ms
[debug] [Loading] Done in C:\Users\sachi\IdeaProjects\ScalaApi, returning: (scalaapi)
[debug]     Load.loadUnit: loadedProjectsRaw took 573.5607ms
[debug]     Load.loadUnit: cleanEvalClasses took 21.6856ms
[debug]   Load.loadUnit(file:/C:/Users/sachi/IdeaProjects/ScalaApi/, ...) took 947.6031ms
[debug] Load.apply: load took 948.5748ms
[debug] Load.apply: resolveProjects took 0.0666ms
[debug] Load.apply: finalTransforms took 9.0346ms
[debug] Load.apply: config.delegates took 0.1181ms
[debug] Load.apply: Def.make(settings)... took 30.7169ms
[debug] Load.apply: structureIndex took 16.652ms
[debug] Load.apply: mkStreams took 0.0029ms
[warn] Discarding 1 session setting.  Use 'session save' to persist session settings.
[info] set current project to ScalaApi (in build file:/C:/Users/sachi/IdeaProjects/ScalaApi/)
[debug] > Exec(sbtPopOnFailure, None, None)
[debug] > Exec(resumeFromFailure, None, None)
[debug] > Exec(set _root_.org.jetbrains.sbt.StructureKeys.sbtStructureOptions in Global := "download resolveClassifiers", None, None)
[info] Defining Global / sbtStructureOptions
[info] The new value will be used by Global / ssOptions
[debug] Defining 
[debug] 	Global / sbtStructureOptions
[debug] 
[debug] The new value will be used by 
[debug] 	Global / ssOptions
[info] Reapplying settings...
[info] set current project to ScalaApi (in build file:/C:/Users/sachi/IdeaProjects/ScalaApi/)
[debug] > Exec(preferScala2, None, None)
[debug] > Exec(*/*:dumpStructureTo C:/Users/sachi/AppData/Local/Temp/sbt-structure.xml, None, None)
[debug] Evaluating tasks: Global / dumpStructureTo
[warn] sbt 0.13 shell syntax is deprecated; use slash syntax instead: Global / dumpStructureTo
[debug] Running task... Cancel: Signal, check cycles: false, forcegc: true
[info] Writing structure to C:\Users\sachi\AppData\Local\Temp\sbt-structure.xml...
[info] Done.
[success] Total time: 4 s, completed 14-May-2022, 3:21:26 pm
[debug] > Exec(session clear-all, None, None)
[info] Reapplying settings...
[info] set current project to ScalaApi (in build file:/C:/Users/sachi/IdeaProjects/ScalaApi/)
[debug] > Exec(set ideaPort in Global := 55881, None, None)
[info] Defining Global / ideaPort
[info] The new value will be used by Compile / compile, Test / compile
[debug] Defining 
[debug] 	Global / ideaPort
[debug] 
[debug] The new value will be used by 
[debug] 	Compile / compile
[debug] 	Test / compile
[info] Reapplying settings...
[info] set current project to ScalaApi (in build file:/C:/Users/sachi/IdeaProjects/ScalaApi/)
[debug] > Exec(idea-shell, None, None)
[debug] > Exec(, None, None)
[debug] > Exec(idea-shell, None, None)
