[debug] > Exec(;reload; set _root_.org.jetbrains.sbt.StructureKeys.sbtStructureOptions in Global := "download resolveClassifiers" ;preferScala2;*/*:dumpStructureTo C:/Users/sachi/AppData/Local/Temp/sbt-structure.xml; session clear-all ; set ideaPort in Global := 55881, None, None)
[debug] > Exec(reload, None, None)
[debug] > Exec(sbtStashOnFailure, None, None)
[debug] > Exec(onFailure loadFailed, None, None)
[debug] > Exec(loadp, None, None)
[info] welcome to sbt 1.6.2 (Oracle Corporation Java 18.0.1.1)
[debug]       Load.loadUnit: plugins took 31.4679ms
[debug]       Load.loadUnit: defsScala took 0.004ms
[debug] [Loading] Scanning directory C:\Users\sachi\.sbt\1.0\plugins
[debug] [Loading] Found non-root projects 
[debug] [Loading] Done in C:\Users\sachi\.sbt\1.0\plugins, returning: ()
[debug] deducing auto plugins based on known facts Set(Atom(sbt.plugins.CorePlugin)) and clauses Clauses(Clause(Atom(sbt.plugins.JvmPlugin),Set(Atom(sbt.plugins.IvyPlugin)))
[debug] Clause(Atom(sbt.ScriptedPlugin),Set(Atom(sbt.plugins.JvmPlugin)))
[debug] Clause(Atom(sbt.plugins.SbtPlugin),Set(Atom(sbt.ScriptedPlugin)))
[debug] Clause(Atom(sbt.plugins.SemanticdbPlugin),Set(Atom(sbt.plugins.JvmPlugin)))
[debug] Clause(Atom(sbt.plugins.JUnitXmlReportPlugin),Set(Atom(sbt.plugins.JvmPlugin)))
[debug] Clause(Atom(sbt.plugins.MiniDependencyTreePlugin),Set(Atom(sbt.plugins.JvmPlugin)))
[debug] Clause(Atom(sbt.plugins.CorePlugin),Set(Atom(sbt.plugins.IvyPlugin)))
[debug] Clause(Atom(sbt.plugins.IvyPlugin),Set(Atom(sbt.plugins.JvmPlugin)))
[debug] Clause(Atom(sbt.plugins.JvmPlugin),Set(Atom(sbt.plugins.SemanticdbPlugin)))
[debug] Clause(Atom(sbt.plugins.JvmPlugin),Set(Atom(sbt.plugins.JUnitXmlReportPlugin)))
[debug] Clause(Atom(sbt.plugins.CorePlugin),Set(Atom(sbt.plugins.Giter8TemplatePlugin)))
[debug] Clause(Atom(sbt.plugins.JvmPlugin),Set(Atom(sbt.plugins.MiniDependencyTreePlugin))))
[debug]   :: deduced result: Matched(sbt.plugins.CorePlugin,sbt.plugins.Giter8TemplatePlugin,sbt.plugins.IvyPlugin,sbt.plugins.JvmPlugin,sbt.plugins.MiniDependencyTreePlugin,sbt.plugins.JUnitXmlReportPlugin,sbt.plugins.SemanticdbPlugin)
[debug] Plugins.deducer#function took 1.8956 ms
[debug]           Load.resolveProject(global-plugins) took 2.3605ms
[debug]         Load.loadTransitive: finalizeProject(Project(id global-plugins, base: C:\Users\sachi\.sbt\1.0\plugins, plugins: List(<none>))) took 5.1469ms
[debug] [Loading] Done in C:\Users\sachi\.sbt\1.0\plugins, returning: (global-plugins)
[debug]       Load.loadUnit: loadedProjectsRaw took 6.7148ms
[debug]       Load.loadUnit: cleanEvalClasses took 0.0083ms
[debug]     Load.loadUnit(file:/C:/Users/sachi/.sbt/1.0/plugins/, ...) took 39.5901ms
[debug]   Load.apply: load took 41.615ms
[debug]   Load.apply: resolveProjects took 0.2317ms
[debug]   Load.apply: finalTransforms took 6.1867ms
[debug]   Load.apply: config.delegates took 0.419ms
[debug]   Load.apply: Def.make(settings)... took 31.3917ms
[debug]   Load.apply: structureIndex took 10.6898ms
[debug]   Load.apply: mkStreams took 0.0078ms
[info] loading global plugins from C:\Users\sachi\.sbt\1.0\plugins
[debug] Running task... Cancel: Signal, check cycles: false, forcegc: true
[debug] Load.defaultLoad until apply took 193.8588ms
[debug]           Load.loadUnit: plugins took 15.7554ms
[debug]           Load.loadUnit: defsScala took 0.0017ms
[debug] [Loading] Scanning directory C:\Users\sachi\IdeaProjects\ScalaApi\project
[debug]             Load.loadUnit: mkEval took 0.1312ms
[debug] [Loading] Found non-root projects 
[debug] [Loading] Done in C:\Users\sachi\IdeaProjects\ScalaApi\project, returning: ()
[debug] deducing auto plugins based on known facts Set(Atom(sbt.plugins.CorePlugin)) and clauses Clauses(Clause(Atom(sbt.plugins.JvmPlugin),Set(Atom(sbt.plugins.IvyPlugin)))
[debug] Clause(Atom(sbt.ScriptedPlugin),Set(Atom(sbt.plugins.JvmPlugin)))
[debug] Clause(Atom(sbt.plugins.SbtPlugin),Set(Atom(sbt.ScriptedPlugin)))
[debug] Clause(Atom(sbt.plugins.SemanticdbPlugin),Set(Atom(sbt.plugins.JvmPlugin)))
[debug] Clause(Atom(sbt.plugins.JUnitXmlReportPlugin),Set(Atom(sbt.plugins.JvmPlugin)))
[debug] Clause(Atom(sbt.plugins.MiniDependencyTreePlugin),Set(Atom(sbt.plugins.JvmPlugin)))
[debug] Clause(Atom(sbt.plugins.CorePlugin),Set(Atom(sbt.plugins.IvyPlugin)))
[debug] Clause(Atom(sbt.plugins.IvyPlugin),Set(Atom(sbt.plugins.JvmPlugin)))
[debug] Clause(Atom(sbt.plugins.JvmPlugin),Set(Atom(sbt.plugins.SemanticdbPlugin)))
[debug] Clause(Atom(sbt.plugins.JvmPlugin),Set(Atom(sbt.plugins.JUnitXmlReportPlugin)))
[debug] Clause(Atom(sbt.plugins.CorePlugin),Set(Atom(sbt.plugins.Giter8TemplatePlugin)))
[debug] Clause(Atom(sbt.plugins.JvmPlugin),Set(Atom(sbt.plugins.MiniDependencyTreePlugin))))
[debug]   :: deduced result: Matched(sbt.plugins.CorePlugin,sbt.plugins.Giter8TemplatePlugin,sbt.plugins.IvyPlugin,sbt.plugins.JvmPlugin,sbt.plugins.MiniDependencyTreePlugin,sbt.plugins.JUnitXmlReportPlugin,sbt.plugins.SemanticdbPlugin)
[debug] Plugins.deducer#function took 0.4203 ms
[info] loading settings for project scalaapi-build from idea1.sbt ...
[debug]               Load.resolveProject(scalaapi-build) took 4.335ms
[debug]             Load.loadTransitive: finalizeProject(Project(id scalaapi-build, base: C:\Users\sachi\IdeaProjects\ScalaApi\project, plugins: List(<none>))) took 4.9221ms
[debug] [Loading] Done in C:\Users\sachi\IdeaProjects\ScalaApi\project, returning: (scalaapi-build)
[debug]           Load.loadUnit: loadedProjectsRaw took 22.51ms
[debug]           Load.loadUnit: cleanEvalClasses took 2.8324ms
[debug]         Load.loadUnit(file:/C:/Users/sachi/IdeaProjects/ScalaApi/project/, ...) took 41.6158ms
[debug]       Load.apply: load took 42.1946ms
[debug]       Load.apply: resolveProjects took 0.0591ms
[debug]       Load.apply: finalTransforms took 2.5506ms
[debug]       Load.apply: config.delegates took 0.095ms
[debug]       Load.apply: Def.make(settings)... took 19.9285ms
[debug]       Load.apply: structureIndex took 6.5916ms
[debug]       Load.apply: mkStreams took 0.0018ms
[info] loading project definition from C:\Users\sachi\IdeaProjects\ScalaApi\project
[debug] Running task... Cancel: Signal, check cycles: false, forcegc: true
[debug]     Load.loadUnit: plugins took 136.204ms
[debug]     Load.loadUnit: defsScala took 0.0014ms
[debug] [Loading] Scanning directory C:\Users\sachi\IdeaProjects\ScalaApi
[debug]       Load.loadUnit: mkEval took 0.1314ms
[debug] [Loading] Found non-root projects 
[debug] [Loading] Done in C:\Users\sachi\IdeaProjects\ScalaApi, returning: ()
[debug] deducing auto plugins based on known facts Set(Atom(sbt.plugins.CorePlugin)) and clauses Clauses(Clause(Atom(sbt.plugins.JvmPlugin),Set(Atom(sbt.plugins.IvyPlugin)))
[debug] Clause(Atom(sbt.ScriptedPlugin),Set(Atom(sbt.plugins.JvmPlugin)))
[debug] Clause(Atom(sbt.plugins.SbtPlugin),Set(Atom(sbt.ScriptedPlugin)))
[debug] Clause(Atom(sbt.plugins.SemanticdbPlugin),Set(Atom(sbt.plugins.JvmPlugin)))
[debug] Clause(Atom(sbt.plugins.JUnitXmlReportPlugin),Set(Atom(sbt.plugins.JvmPlugin)))
[debug] Clause(Atom(sbt.plugins.MiniDependencyTreePlugin),Set(Atom(sbt.plugins.JvmPlugin)))
[debug] Clause(Atom(org.jetbrains.sbt.StructurePlugin),Set(Atom(sbt.plugins.JvmPlugin)))
[debug] Clause(Atom(org.jetbrains.sbt.IdeaShellPlugin),Set(Atom(sbt.plugins.JvmPlugin)))
[debug] Clause(Atom(org.jetbrains.sbt.indices.SbtIntellijIndicesPlugin),Set(Atom(sbt.plugins.JvmPlugin)))
[debug] Clause(Atom(sbt.plugins.CorePlugin),Set(Atom(sbt.plugins.IvyPlugin)))
[debug] Clause(Atom(sbt.plugins.IvyPlugin),Set(Atom(sbt.plugins.JvmPlugin)))
[debug] Clause(Atom(sbt.plugins.JvmPlugin),Set(Atom(sbt.plugins.SemanticdbPlugin)))
[debug] Clause(Atom(sbt.plugins.JvmPlugin),Set(Atom(sbt.plugins.JUnitXmlReportPlugin)))
[debug] Clause(Atom(sbt.plugins.CorePlugin),Set(Atom(sbt.plugins.Giter8TemplatePlugin)))
[debug] Clause(Atom(sbt.plugins.JvmPlugin),Set(Atom(sbt.plugins.MiniDependencyTreePlugin)))
[debug] Clause(Atom(sbt.plugins.JvmPlugin),Set(Atom(org.jetbrains.sbt.StructurePlugin)))
[debug] Clause(Atom(sbt.plugins.JvmPlugin),Set(Atom(org.jetbrains.sbt.IdeaShellPlugin)))
[debug] Clause(And(Set(Atom(sbt.plugins.CorePlugin), Atom(sbt.plugins.JvmPlugin))),Set(Atom(org.jetbrains.sbt.indices.SbtIntellijIndicesPlugin))))
[debug]   :: deduced result: Matched(sbt.plugins.CorePlugin,sbt.plugins.Giter8TemplatePlugin,sbt.plugins.IvyPlugin,sbt.plugins.JvmPlugin,sbt.plugins.SemanticdbPlugin,org.jetbrains.sbt.indices.SbtIntellijIndicesPlugin,sbt.plugins.JUnitXmlReportPlugin,org.jetbrains.sbt.IdeaShellPlugin,org.jetbrains.sbt.StructurePlugin,sbt.plugins.MiniDependencyTreePlugin)
[debug] Plugins.deducer#function took 0.5384 ms
[info] loading settings for project scalaapi from build.sbt ...
[debug]         Load.resolveProject(scalaapi) took 21.8381ms
[debug]       Load.loadTransitive: finalizeProject(Project(id scalaapi, base: C:\Users\sachi\IdeaProjects\ScalaApi, plugins: List(<none>))) took 22.6854ms
[debug] [Loading] Done in C:\Users\sachi\IdeaProjects\ScalaApi, returning: (scalaapi)
[debug]     Load.loadUnit: loadedProjectsRaw took 631.0876ms
[debug]     Load.loadUnit: cleanEvalClasses took 16.5584ms
[debug]   Load.loadUnit(file:/C:/Users/sachi/IdeaProjects/ScalaApi/, ...) took 784.3342ms
[debug] Load.apply: load took 785.1263ms
[debug] Load.apply: resolveProjects took 0.0952ms
[debug] Load.apply: finalTransforms took 10.3974ms
[debug] Load.apply: config.delegates took 0.1144ms
[debug] Load.apply: Def.make(settings)... took 27.2207ms
[debug] Load.apply: structureIndex took 10.7416ms
[debug] Load.apply: mkStreams took 0.0041ms
[warn] Discarding 1 session setting.  Use 'session save' to persist session settings.
[info] set current project to ScalaApi (in build file:/C:/Users/sachi/IdeaProjects/ScalaApi/)
[debug] > Exec(sbtPopOnFailure, None, None)
[debug] > Exec(resumeFromFailure, None, None)
[debug] > Exec(set _root_.org.jetbrains.sbt.StructureKeys.sbtStructureOptions in Global := "download resolveClassifiers", None, None)
[info] Defining Global / sbtStructureOptions
[info] The new value will be used by Global / ssOptions
[debug] Defining 
[debug] 	Global / sbtStructureOptions
[debug] 
[debug] The new value will be used by 
[debug] 	Global / ssOptions
[info] Reapplying settings...
[info] set current project to ScalaApi (in build file:/C:/Users/sachi/IdeaProjects/ScalaApi/)
[debug] > Exec(preferScala2, None, None)
[debug] > Exec(*/*:dumpStructureTo C:/Users/sachi/AppData/Local/Temp/sbt-structure.xml, None, None)
[debug] Evaluating tasks: Global / dumpStructureTo
[warn] sbt 0.13 shell syntax is deprecated; use slash syntax instead: Global / dumpStructureTo
[debug] Running task... Cancel: Signal, check cycles: false, forcegc: true
[info] Writing structure to C:\Users\sachi\AppData\Local\Temp\sbt-structure.xml...
[info] Done.
[success] Total time: 5 s, completed 14-May-2022, 4:24:51 pm
[debug] > Exec(session clear-all, None, None)
[info] Reapplying settings...
[info] set current project to ScalaApi (in build file:/C:/Users/sachi/IdeaProjects/ScalaApi/)
[debug] > Exec(set ideaPort in Global := 55881, None, None)
[info] Defining Global / ideaPort
[info] The new value will be used by Compile / compile, Test / compile
[debug] Defining 
[debug] 	Global / ideaPort
[debug] 
[debug] The new value will be used by 
[debug] 	Compile / compile
[debug] 	Test / compile
[info] Reapplying settings...
[info] set current project to ScalaApi (in build file:/C:/Users/sachi/IdeaProjects/ScalaApi/)
[debug] > Exec(idea-shell, None, None)
[debug] > Exec(, None, None)
[debug] > Exec(idea-shell, None, None)
